<?xml version="1.0" encoding="UTF-8"?>
<!-- Generated by org.testng.reporters.JUnitReportReporter -->
<testsuite skipped="0" hostname="LAPTOP-FR81P7PN" name="com.testng.retryanalyzer.DataProv" tests="2" failures="0" timestamp="2020-08-27T04:48:33 IST" time="0.009" errors="0">
  <testcase name="logIn" time="0.001" classname="com.testng.retryanalyzer.DataProv"/>
  <testcase name="logIn" time="0.008" classname="com.testng.retryanalyzer.DataProv"/>
</testsuite> <!-- com.testng.retryanalyzer.DataProv -->
