<?xml version="1.0" encoding="UTF-8"?>
<!-- Generated by org.testng.reporters.JUnitReportReporter -->
<testsuite skipped="0" hostname="LAPTOP-FR81P7PN" name="com.testng.concepts.TimeOutTest" tests="2" failures="0" timestamp="2020-07-30T08:35:46 IST" time="0.037" errors="0">
  <testcase name="ZlaptopSearch" time="0.022" classname="com.testng.concepts.TimeOutTest"/>
  <testcase name="mobileSearch" time="0.015" classname="com.testng.concepts.TimeOutTest"/>
</testsuite> <!-- com.testng.concepts.TimeOutTest -->
