<?xml version="1.0" encoding="UTF-8"?>
<!-- Generated by org.testng.reporters.JUnitReportReporter -->
<testsuite skipped="0" hostname="LAPTOP-FR81P7PN" name="com.testng.concepts.ParellelTest" tests="2" failures="0" timestamp="2020-07-26T11:23:55 IST" time="11.604" errors="0">
  <testcase name="flipkartTest" time="6.139" classname="com.testng.concepts.ParellelTest"/>
  <testcase name="amazonTest" time="5.465" classname="com.testng.concepts.ParellelTest"/>
</testsuite> <!-- com.testng.concepts.ParellelTest -->
