<?xml version="1.0" encoding="UTF-8"?>
<!-- Generated by org.testng.reporters.JUnitReportReporter -->
<testsuite skipped="0" hostname="LAPTOP-FR81P7PN" name="com.testng.concepts.Assertion" tests="1" failures="0" timestamp="2020-08-03T08:21:09 IST" time="7.590" errors="0">
  <testcase name="test" time="7.590" classname="com.testng.concepts.Assertion"/>
</testsuite> <!-- com.testng.concepts.Assertion -->
