<?xml version="1.0" encoding="UTF-8"?>
<!-- Generated by org.testng.reporters.JUnitReportReporter -->
<testsuite skipped="0" hostname="LAPTOP-FR81P7PN" name="com.testng.concepts.ExceptionTest" tests="1" failures="0" timestamp="2020-05-25T23:18:38 IST" time="0.015" errors="0">
  <testcase name="divide" time="0.015" classname="com.testng.concepts.ExceptionTest"/>
</testsuite> <!-- com.testng.concepts.ExceptionTest -->
