<?xml version="1.0" encoding="UTF-8"?>
<!-- Generated by org.testng.reporters.JUnitReportReporter -->
<testsuite skipped="0" hostname="LAPTOP-FR81P7PN" name="com.testng.concepts1.DataProviderTest" tests="4" failures="0" timestamp="2020-05-15T11:37:19 IST" time="0.006" errors="0">
  <testcase name="login" time="0.003" classname="com.testng.concepts1.DataProviderTest"/>
  <testcase name="login" time="0.001" classname="com.testng.concepts1.DataProviderTest"/>
  <testcase name="login" time="0.001" classname="com.testng.concepts1.DataProviderTest"/>
  <testcase name="login" time="0.001" classname="com.testng.concepts1.DataProviderTest"/>
</testsuite> <!-- com.testng.concepts1.DataProviderTest -->
