<?xml version="1.0" encoding="UTF-8"?>
<!-- Generated by org.testng.reporters.JUnitReportReporter -->
<testsuite skipped="0" hostname="LAPTOP-FR81P7PN" name="com.testng.concepts.ParameterizedTest" tests="1" failures="0" timestamp="2020-05-16T23:35:23 IST" time="0.012" errors="0">
  <testcase name="login" time="0.012" classname="com.testng.concepts.ParameterizedTest"/>
</testsuite> <!-- com.testng.concepts.ParameterizedTest -->
