<?xml version="1.0" encoding="UTF-8"?>
<!-- Generated by org.testng.reporters.JUnitReportReporter -->
<testsuite skipped="0" hostname="LAPTOP-FR81P7PN" name="com.testng.concepts.GroupTest" tests="3" failures="0" timestamp="2020-07-26T11:44:59 IST" time="0.011" errors="0">
  <testcase name="seleniumTest2" time="0.001" classname="com.testng.concepts.GroupTest"/>
  <testcase name="seleniumTest1" time="0.001" classname="com.testng.concepts.GroupTest"/>
  <testcase name="AppiumTest" time="0.009" classname="com.testng.concepts.GroupTest"/>
</testsuite> <!-- com.testng.concepts.GroupTest -->
