<?xml version="1.0" encoding="UTF-8"?>
<!-- Generated by org.testng.reporters.JUnitReportReporter -->
<testsuite skipped="0" hostname="LAPTOP-FR81P7PN" name="com.testng.concepts.Sample" tests="1" failures="0" timestamp="2020-05-06T12:54:34 IST" time="0.010" errors="0">
  <testcase name="test1" time="0.010" classname="com.testng.concepts.Sample"/>
</testsuite> <!-- com.testng.concepts.Sample -->
