<?xml version="1.0" encoding="UTF-8"?>
<!-- Generated by org.testng.reporters.JUnitReportReporter -->
<testsuite skipped="0" hostname="LAPTOP-FR81P7PN" name="com.testng.concepts.IgnoreTest" tests="2" failures="0" timestamp="2020-05-15T11:37:19 IST" time="0.002" errors="0">
  <testcase name="mobileSearch" time="0.001" classname="com.testng.concepts.IgnoreTest"/>
  <testcase name="laptopSearch" time="0.001" classname="com.testng.concepts.IgnoreTest"/>
</testsuite> <!-- com.testng.concepts.IgnoreTest -->
