<?xml version="1.0" encoding="UTF-8"?>
<!-- Generated by org.testng.reporters.JUnitReportReporter -->
<testsuite skipped="0" hostname="LAPTOP-FR81P7PN" name="com.testng.concepts.DataProviderTest" tests="4" failures="0" timestamp="2020-07-30T10:39:35 IST" time="0.024" errors="0">
  <testcase name="login" time="0.002" classname="com.testng.concepts.DataProviderTest"/>
  <testcase name="login" time="0.003" classname="com.testng.concepts.DataProviderTest"/>
  <testcase name="login" time="0.002" classname="com.testng.concepts.DataProviderTest"/>
  <testcase name="login" time="0.017" classname="com.testng.concepts.DataProviderTest"/>
</testsuite> <!-- com.testng.concepts.DataProviderTest -->
