<?xml version="1.0" encoding="UTF-8"?>
<!-- Generated by org.testng.reporters.JUnitReportReporter -->
<testsuite skipped="0" hostname="LAPTOP-FR81P7PN" name="com.testng.concepts.DependancyTest" tests="3" failures="0" timestamp="2020-07-30T06:45:45 IST" time="0.023" errors="0">
  <testcase name="browserLaunch" time="0.002" classname="com.testng.concepts.DependancyTest"/>
  <testcase name="mobileSearch" time="0.002" classname="com.testng.concepts.DependancyTest"/>
  <testcase name="logOut" time="0.019" classname="com.testng.concepts.DependancyTest"/>
</testsuite> <!-- com.testng.concepts.DependancyTest -->
