<?xml version="1.0" encoding="UTF-8"?>
<!-- Generated by org.testng.reporters.JUnitReportReporter -->
<testsuite skipped="0" hostname="LAPTOP-FR81P7PN" name="com.testng.concepts.InvocationTest" tests="5" failures="0" timestamp="2020-05-15T11:37:19 IST" time="0.009" errors="0">
  <testcase name="laptopSearch" time="0.001" classname="com.testng.concepts.InvocationTest"/>
  <testcase name="mobileSearch" time="0.002" classname="com.testng.concepts.InvocationTest"/>
  <testcase name="mobileSearch" time="0.001" classname="com.testng.concepts.InvocationTest"/>
  <testcase name="mobileSearch" time="0.002" classname="com.testng.concepts.InvocationTest"/>
  <testcase name="mobileSearch" time="0.003" classname="com.testng.concepts.InvocationTest"/>
</testsuite> <!-- com.testng.concepts.InvocationTest -->
